0 info it worked if it ends with ok
1 verbose cli [ '/usr/local/bin/node', '/usr/local/bin/npm', 'update' ]
2 info using npm@3.10.10
3 info using node@v7.3.0
4 silly mapToRegistry name ejs
5 silly mapToRegistry using default registry
6 silly mapToRegistry registry https://registry.npmjs.org/
7 silly mapToRegistry data Result {
7 silly mapToRegistry   raw: 'ejs',
7 silly mapToRegistry   scope: null,
7 silly mapToRegistry   escapedName: 'ejs',
7 silly mapToRegistry   name: 'ejs',
7 silly mapToRegistry   rawSpec: '',
7 silly mapToRegistry   spec: 'latest',
7 silly mapToRegistry   type: 'tag' }
8 silly mapToRegistry uri https://registry.npmjs.org/ejs
9 silly mapToRegistry name express
10 silly mapToRegistry using default registry
11 silly mapToRegistry registry https://registry.npmjs.org/
12 silly mapToRegistry data Result {
12 silly mapToRegistry   raw: 'express',
12 silly mapToRegistry   scope: null,
12 silly mapToRegistry   escapedName: 'express',
12 silly mapToRegistry   name: 'express',
12 silly mapToRegistry   rawSpec: '',
12 silly mapToRegistry   spec: 'latest',
12 silly mapToRegistry   type: 'tag' }
13 silly mapToRegistry uri https://registry.npmjs.org/express
14 silly mapToRegistry name helmet
15 silly mapToRegistry using default registry
16 silly mapToRegistry registry https://registry.npmjs.org/
17 silly mapToRegistry data Result {
17 silly mapToRegistry   raw: 'helmet',
17 silly mapToRegistry   scope: null,
17 silly mapToRegistry   escapedName: 'helmet',
17 silly mapToRegistry   name: 'helmet',
17 silly mapToRegistry   rawSpec: '',
17 silly mapToRegistry   spec: 'latest',
17 silly mapToRegistry   type: 'tag' }
18 silly mapToRegistry uri https://registry.npmjs.org/helmet
19 silly mapToRegistry name nonce
20 silly mapToRegistry using default registry
21 silly mapToRegistry registry https://registry.npmjs.org/
22 silly mapToRegistry data Result {
22 silly mapToRegistry   raw: 'nonce',
22 silly mapToRegistry   scope: null,
22 silly mapToRegistry   escapedName: 'nonce',
22 silly mapToRegistry   name: 'nonce',
22 silly mapToRegistry   rawSpec: '',
22 silly mapToRegistry   spec: 'latest',
22 silly mapToRegistry   type: 'tag' }
23 silly mapToRegistry uri https://registry.npmjs.org/nonce
24 silly mapToRegistry name uuid
25 silly mapToRegistry using default registry
26 silly mapToRegistry registry https://registry.npmjs.org/
27 silly mapToRegistry data Result {
27 silly mapToRegistry   raw: 'uuid',
27 silly mapToRegistry   scope: null,
27 silly mapToRegistry   escapedName: 'uuid',
27 silly mapToRegistry   name: 'uuid',
27 silly mapToRegistry   rawSpec: '',
27 silly mapToRegistry   spec: 'latest',
27 silly mapToRegistry   type: 'tag' }
28 silly mapToRegistry uri https://registry.npmjs.org/uuid
29 verbose request uri https://registry.npmjs.org/ejs
30 verbose request no auth needed
31 info attempt registry request try #1 at 10:22:07 PM
32 verbose request id 17cec54616f757f3
33 verbose etag W/"58b3c85c-10926"
34 verbose lastModified Mon, 27 Feb 2017 06:34:04 GMT
35 http request GET https://registry.npmjs.org/ejs
36 verbose request uri https://registry.npmjs.org/express
37 verbose request no auth needed
38 info attempt registry request try #1 at 10:22:07 PM
39 verbose etag W/"58c30af6-8b7bb"
40 verbose lastModified Fri, 10 Mar 2017 20:22:14 GMT
41 http request GET https://registry.npmjs.org/express
42 verbose request uri https://registry.npmjs.org/helmet
43 verbose request no auth needed
44 info attempt registry request try #1 at 10:22:07 PM
45 verbose etag W/"58c2d595-180b1"
46 verbose lastModified Fri, 10 Mar 2017 16:34:29 GMT
47 http request GET https://registry.npmjs.org/helmet
48 verbose request uri https://registry.npmjs.org/nonce
49 verbose request no auth needed
50 info attempt registry request try #1 at 10:22:07 PM
51 verbose etag W/"576d7774-138b"
52 verbose lastModified Fri, 24 Jun 2016 18:09:56 GMT
53 http request GET https://registry.npmjs.org/nonce
54 verbose request uri https://registry.npmjs.org/uuid
55 verbose request no auth needed
56 info attempt registry request try #1 at 10:22:07 PM
57 verbose etag W/"586d3d2f-55a9"
58 verbose lastModified Wed, 04 Jan 2017 18:21:35 GMT
59 http request GET https://registry.npmjs.org/uuid
60 http 304 https://registry.npmjs.org/express
61 verbose headers { date: 'Sat, 11 Mar 2017 03:22:07 GMT',
61 verbose headers   via: '1.1 varnish',
61 verbose headers   'cache-control': 'max-age=300',
61 verbose headers   etag: 'W/"58c30af6-8b7bb"',
61 verbose headers   age: '7',
61 verbose headers   connection: 'keep-alive',
61 verbose headers   'x-served-by': 'cache-jfk8138-JFK',
61 verbose headers   'x-cache': 'HIT',
61 verbose headers   'x-cache-hits': '1',
61 verbose headers   'x-timer': 'S1489202527.661522,VS0,VE0',
61 verbose headers   vary: 'Accept-Encoding' }
62 silly get cb [ 304,
62 silly get   { date: 'Sat, 11 Mar 2017 03:22:07 GMT',
62 silly get     via: '1.1 varnish',
62 silly get     'cache-control': 'max-age=300',
62 silly get     etag: 'W/"58c30af6-8b7bb"',
62 silly get     age: '7',
62 silly get     connection: 'keep-alive',
62 silly get     'x-served-by': 'cache-jfk8138-JFK',
62 silly get     'x-cache': 'HIT',
62 silly get     'x-cache-hits': '1',
62 silly get     'x-timer': 'S1489202527.661522,VS0,VE0',
62 silly get     vary: 'Accept-Encoding' } ]
63 verbose etag https://registry.npmjs.org/express from cache
64 verbose get saving express to /Users/penpagyaltsen/.npm/registry.npmjs.org/express/.cache.json
65 verbose correctMkdir /Users/penpagyaltsen/.npm correctMkdir not in flight; initializing
66 http 304 https://registry.npmjs.org/helmet
67 verbose headers { date: 'Sat, 11 Mar 2017 03:22:07 GMT',
67 verbose headers   via: '1.1 varnish',
67 verbose headers   'cache-control': 'max-age=300',
67 verbose headers   etag: 'W/"58c2d595-180b1"',
67 verbose headers   age: '190',
67 verbose headers   connection: 'keep-alive',
67 verbose headers   'x-served-by': 'cache-jfk8127-JFK',
67 verbose headers   'x-cache': 'HIT',
67 verbose headers   'x-cache-hits': '1',
67 verbose headers   'x-timer': 'S1489202527.666523,VS0,VE0',
67 verbose headers   vary: 'Accept-Encoding' }
68 silly get cb [ 304,
68 silly get   { date: 'Sat, 11 Mar 2017 03:22:07 GMT',
68 silly get     via: '1.1 varnish',
68 silly get     'cache-control': 'max-age=300',
68 silly get     etag: 'W/"58c2d595-180b1"',
68 silly get     age: '190',
68 silly get     connection: 'keep-alive',
68 silly get     'x-served-by': 'cache-jfk8127-JFK',
68 silly get     'x-cache': 'HIT',
68 silly get     'x-cache-hits': '1',
68 silly get     'x-timer': 'S1489202527.666523,VS0,VE0',
68 silly get     vary: 'Accept-Encoding' } ]
69 verbose etag https://registry.npmjs.org/helmet from cache
70 verbose get saving helmet to /Users/penpagyaltsen/.npm/registry.npmjs.org/helmet/.cache.json
71 verbose correctMkdir /Users/penpagyaltsen/.npm correctMkdir already in flight; waiting
72 http 304 https://registry.npmjs.org/nonce
73 verbose headers { date: 'Sat, 11 Mar 2017 03:22:07 GMT',
73 verbose headers   via: '1.1 varnish',
73 verbose headers   'cache-control': 'max-age=300',
73 verbose headers   etag: 'W/"576d7774-138b"',
73 verbose headers   age: '190',
73 verbose headers   connection: 'keep-alive',
73 verbose headers   'x-served-by': 'cache-jfk8135-JFK',
73 verbose headers   'x-cache': 'HIT',
73 verbose headers   'x-cache-hits': '1',
73 verbose headers   'x-timer': 'S1489202527.666569,VS0,VE0',
73 verbose headers   vary: 'Accept-Encoding' }
74 silly get cb [ 304,
74 silly get   { date: 'Sat, 11 Mar 2017 03:22:07 GMT',
74 silly get     via: '1.1 varnish',
74 silly get     'cache-control': 'max-age=300',
74 silly get     etag: 'W/"576d7774-138b"',
74 silly get     age: '190',
74 silly get     connection: 'keep-alive',
74 silly get     'x-served-by': 'cache-jfk8135-JFK',
74 silly get     'x-cache': 'HIT',
74 silly get     'x-cache-hits': '1',
74 silly get     'x-timer': 'S1489202527.666569,VS0,VE0',
74 silly get     vary: 'Accept-Encoding' } ]
75 verbose etag https://registry.npmjs.org/nonce from cache
76 verbose get saving nonce to /Users/penpagyaltsen/.npm/registry.npmjs.org/nonce/.cache.json
77 verbose correctMkdir /Users/penpagyaltsen/.npm correctMkdir already in flight; waiting
78 http 304 https://registry.npmjs.org/ejs
79 verbose headers { date: 'Sat, 11 Mar 2017 03:22:07 GMT',
79 verbose headers   via: '1.1 varnish',
79 verbose headers   'cache-control': 'max-age=300',
79 verbose headers   etag: 'W/"58b3c85c-10926"',
79 verbose headers   age: '30',
79 verbose headers   connection: 'keep-alive',
79 verbose headers   'x-served-by': 'cache-jfk8128-JFK',
79 verbose headers   'x-cache': 'HIT',
79 verbose headers   'x-cache-hits': '1',
79 verbose headers   'x-timer': 'S1489202527.666543,VS0,VE0',
79 verbose headers   vary: 'Accept-Encoding' }
80 silly get cb [ 304,
80 silly get   { date: 'Sat, 11 Mar 2017 03:22:07 GMT',
80 silly get     via: '1.1 varnish',
80 silly get     'cache-control': 'max-age=300',
80 silly get     etag: 'W/"58b3c85c-10926"',
80 silly get     age: '30',
80 silly get     connection: 'keep-alive',
80 silly get     'x-served-by': 'cache-jfk8128-JFK',
80 silly get     'x-cache': 'HIT',
80 silly get     'x-cache-hits': '1',
80 silly get     'x-timer': 'S1489202527.666543,VS0,VE0',
80 silly get     vary: 'Accept-Encoding' } ]
81 verbose etag https://registry.npmjs.org/ejs from cache
82 verbose get saving ejs to /Users/penpagyaltsen/.npm/registry.npmjs.org/ejs/.cache.json
83 verbose correctMkdir /Users/penpagyaltsen/.npm correctMkdir already in flight; waiting
84 http 200 https://registry.npmjs.org/uuid
85 verbose headers { server: 'nginx/1.10.1',
85 verbose headers   'content-type': 'application/json',
85 verbose headers   'last-modified': 'Fri, 10 Mar 2017 19:31:15 GMT',
85 verbose headers   etag: 'W/"58c2ff03-572d"',
85 verbose headers   'content-encoding': 'gzip',
85 verbose headers   'cache-control': 'max-age=300',
85 verbose headers   'content-length': '5635',
85 verbose headers   'accept-ranges': 'bytes',
85 verbose headers   date: 'Sat, 11 Mar 2017 03:22:07 GMT',
85 verbose headers   via: '1.1 varnish',
85 verbose headers   age: '260',
85 verbose headers   connection: 'keep-alive',
85 verbose headers   'x-served-by': 'cache-jfk8120-JFK',
85 verbose headers   'x-cache': 'HIT',
85 verbose headers   'x-cache-hits': '12',
85 verbose headers   'x-timer': 'S1489202527.688667,VS0,VE0',
85 verbose headers   vary: 'Accept-Encoding' }
86 silly get cb [ 200,
86 silly get   { server: 'nginx/1.10.1',
86 silly get     'content-type': 'application/json',
86 silly get     'last-modified': 'Fri, 10 Mar 2017 19:31:15 GMT',
86 silly get     etag: 'W/"58c2ff03-572d"',
86 silly get     'content-encoding': 'gzip',
86 silly get     'cache-control': 'max-age=300',
86 silly get     'content-length': '5635',
86 silly get     'accept-ranges': 'bytes',
86 silly get     date: 'Sat, 11 Mar 2017 03:22:07 GMT',
86 silly get     via: '1.1 varnish',
86 silly get     age: '260',
86 silly get     connection: 'keep-alive',
86 silly get     'x-served-by': 'cache-jfk8120-JFK',
86 silly get     'x-cache': 'HIT',
86 silly get     'x-cache-hits': '12',
86 silly get     'x-timer': 'S1489202527.688667,VS0,VE0',
86 silly get     vary: 'Accept-Encoding' } ]
87 verbose get saving uuid to /Users/penpagyaltsen/.npm/registry.npmjs.org/uuid/.cache.json
88 verbose correctMkdir /Users/penpagyaltsen/.npm correctMkdir not in flight; initializing
89 silly cache add args [ 'uuid', '^1.4.7' ]
90 verbose cache add spec uuid@^1.4.7
91 silly cache add parsed spec Result {
91 silly cache add   raw: 'uuid@^1.4.7',
91 silly cache add   scope: null,
91 silly cache add   escapedName: 'uuid',
91 silly cache add   name: 'uuid',
91 silly cache add   rawSpec: '^1.4.7',
91 silly cache add   spec: '>=1.4.7 <2.0.0',
91 silly cache add   type: 'range' }
92 silly addNamed uuid@>=1.4.7 <2.0.0
93 verbose addNamed ">=1.4.7 <2.0.0" is a valid semver range for uuid
94 silly addNameRange { name: 'uuid', range: '>=1.4.7 <2.0.0', hasData: false }
95 silly mapToRegistry name uuid
96 silly mapToRegistry using default registry
97 silly mapToRegistry registry https://registry.npmjs.org/
98 silly mapToRegistry data Result {
98 silly mapToRegistry   raw: 'uuid',
98 silly mapToRegistry   scope: null,
98 silly mapToRegistry   escapedName: 'uuid',
98 silly mapToRegistry   name: 'uuid',
98 silly mapToRegistry   rawSpec: '',
98 silly mapToRegistry   spec: 'latest',
98 silly mapToRegistry   type: 'tag' }
99 silly mapToRegistry uri https://registry.npmjs.org/uuid
100 verbose addNameRange registry:https://registry.npmjs.org/uuid not in flight; fetching
101 verbose get https://registry.npmjs.org/uuid not expired, no request
102 silly addNameRange number 2 { name: 'uuid', range: '>=1.4.7 <2.0.0', hasData: true }
103 silly addNameRange versions [ 'uuid',
103 silly addNameRange   [ '0.0.1',
103 silly addNameRange     '0.0.2',
103 silly addNameRange     '1.4.0',
103 silly addNameRange     '1.4.1',
103 silly addNameRange     '1.4.2',
103 silly addNameRange     '2.0.0',
103 silly addNameRange     '2.0.1',
103 silly addNameRange     '2.0.2',
103 silly addNameRange     '2.0.3',
103 silly addNameRange     '3.0.0',
103 silly addNameRange     '3.0.1' ] ]
104 verbose stack Error: No compatible version found: uuid@'>=1.4.7 <2.0.0'
104 verbose stack Valid install targets:
104 verbose stack 0.0.1, 0.0.2, 1.4.0, 1.4.1, 1.4.2, 2.0.0, 2.0.1, 2.0.2, 2.0.3, 3.0.0, 3.0.1
104 verbose stack
104 verbose stack     at installTargetsError (/usr/local/lib/node_modules/npm/lib/cache/add-named.js:292:12)
104 verbose stack     at next (/usr/local/lib/node_modules/npm/lib/cache/add-named.js:270:19)
104 verbose stack     at setData (/usr/local/lib/node_modules/npm/lib/cache/add-named.js:242:5)
104 verbose stack     at RES (/usr/local/lib/node_modules/npm/node_modules/inflight/inflight.js:23:14)
104 verbose stack     at f (/usr/local/lib/node_modules/npm/node_modules/once/once.js:25:25)
104 verbose stack     at fixName (/usr/local/lib/node_modules/npm/lib/cache/add-named.js:30:5)
104 verbose stack     at /usr/local/lib/node_modules/npm/lib/utils/pulse-till-done.js:20:8
104 verbose stack     at CachingRegistryClient.get_ (/usr/local/lib/node_modules/npm/lib/cache/caching-client.js:126:16)
104 verbose stack     at /usr/local/lib/node_modules/npm/lib/cache/caching-client.js:91:14
104 verbose stack     at /usr/local/lib/node_modules/npm/node_modules/graceful-fs/graceful-fs.js:78:16
105 verbose cwd /Users/penpagyaltsen/Documents/workspace/m-code
106 error Darwin 16.1.0
107 error argv "/usr/local/bin/node" "/usr/local/bin/npm" "update"
108 error node v7.3.0
109 error npm  v3.10.10
110 error code ETARGET
111 error notarget No compatible version found: uuid@'>=1.4.7 <2.0.0'
111 error notarget Valid install targets:
111 error notarget 0.0.1, 0.0.2, 1.4.0, 1.4.1, 1.4.2, 2.0.0, 2.0.1, 2.0.2, 2.0.3, 3.0.0, 3.0.1
112 error notarget This is most likely not a problem with npm itself.
112 error notarget In most cases you or one of your dependencies are requesting
112 error notarget a package version that doesn't exist.
113 verbose exit [ 1, true ]
